<?xml version="1.0" encoding="UTF-8"?>
<testsuite name="dao.UserDaoTest" tests="1" skipped="0" failures="0" errors="0" timestamp="2022-10-24T14:30:31" hostname="DESKTOP-PL16QP7" time="0.141">
  <properties/>
  <testcase name="addAndfindById()" classname="dao.UserDaoTest" time="0.141"/>
  <system-out><![CDATA[]]></system-out>
  <system-err><![CDATA[]]></system-err>
</testsuite>
